<?xml version="1.0" encoding="UTF-8"?>
<!-- Generated by org.testng.reporters.JUnitXMLReporter -->
<testsuite ignored="4" hostname="DESKTOP-K4CQR33" failures="0" tests="0" time="0.001" errors="0" timestamp="2024-08-02T21:41:50 IST">
  <testcase classname="obsqura_7Rmart_testscripts.LoginTest" name="verifyLoginforIncorrectUsernameAndCorrectPassword" time="0.0">
    <ignored/>
  </testcase> <!-- verifyLoginforIncorrectUsernameAndCorrectPassword -->
  <testcase classname="obsqura_7Rmart_testscripts.LoginTest" name="verifyLoginforIncorrectUsernameAndIncorrectPassword" time="0.0">
    <ignored/>
  </testcase> <!-- verifyLoginforIncorrectUsernameAndIncorrectPassword -->
  <testcase classname="obsqura_7Rmart_testscripts.LoginTest" name="verifyLoginforCorrectUsernameAndCorrectPassword" time="0.0">
    <ignored/>
  </testcase> <!-- verifyLoginforCorrectUsernameAndCorrectPassword -->
  <testcase classname="obsqura_7Rmart_testscripts.LoginTest" name="verifyLoginforCorrectUsernameAndIncorrectPassword" time="0.0">
    <ignored/>
  </testcase> <!-- verifyLoginforCorrectUsernameAndIncorrectPassword -->
</testsuite>
