<?xml version="1.0" encoding="UTF-8"?>
<!-- Generated by org.testng.reporters.JUnitXMLReporter -->
<testsuite ignored="1" hostname="DESKTOP-K4CQR33" failures="0" tests="1" name="Test" time="5.825" errors="0" timestamp="2024-08-03T14:33:16 IST">
  <testcase classname="obsqura_7Rmart_testscripts.AdminUsersTest" name="verifyUserIsAbleToUpdateStatusOfAdminUser" time="3.152"/>
  <testcase classname="obsqura_7Rmart_testscripts.AdminUsersTest" name="verifyUserIsAbleToAddNewAdminUser" time="0.0">
    <ignored/>
  </testcase> <!-- verifyUserIsAbleToAddNewAdminUser -->
</testsuite> <!-- Test -->
