<?xml version="1.0" encoding="UTF-8"?>
<!-- Generated by org.testng.reporters.JUnitXMLReporter -->
<testsuite ignored="3" hostname="DESKTOP-K4CQR33" failures="0" tests="1" name="Test" time="6.292" errors="0" timestamp="2024-08-02T20:52:00 IST">
  <testcase classname="obsqura_7Rmart_testscripts.LoginTest" name="verifyLoginforCorrectUsernameAndCorrectPassword" time="2.219"/>
  <testcase classname="obsqura_7Rmart_testscripts.LoginTest" name="verifyLoginforIncorrectUsernameAndCorrectPassword" time="0.0">
    <ignored/>
  </testcase> <!-- verifyLoginforIncorrectUsernameAndCorrectPassword -->
  <testcase classname="obsqura_7Rmart_testscripts.LoginTest" name="verifyLoginforIncorrectUsernameAndIncorrectPassword" time="0.0">
    <ignored/>
  </testcase> <!-- verifyLoginforIncorrectUsernameAndIncorrectPassword -->
  <testcase classname="obsqura_7Rmart_testscripts.LoginTest" name="verifyLoginforCorrectUsernameAndIncorrectPassword" time="0.0">
    <ignored/>
  </testcase> <!-- verifyLoginforCorrectUsernameAndIncorrectPassword -->
</testsuite> <!-- Test -->
