<?xml version="1.0" encoding="UTF-8"?>
<testng-results ignored="8" total="8" passed="0" failed="0" skipped="0">
  <reporter-output>
  </reporter-output>
  <suite started-at="2024-08-02T21:41:50 IST" name="Suite" finished-at="2024-08-02T21:41:50 IST" duration-ms="313">
    <groups>
    </groups>
    <test started-at="2024-08-02T21:41:50 IST" name="ChromeTest" finished-at="2024-08-02T21:41:50 IST" duration-ms="7">
    </test> <!-- ChromeTest -->
    <test started-at="2024-08-02T21:41:50 IST" name="EdgeTest" finished-at="2024-08-02T21:41:50 IST" duration-ms="1">
    </test> <!-- EdgeTest -->
  </suite> <!-- Suite -->
</testng-results>
