<?xml version="1.0" encoding="UTF-8"?>
<testng-results ignored="1" total="2" passed="1" failed="0" skipped="0">
  <reporter-output>
  </reporter-output>
  <suite started-at="2024-08-03T14:33:10 IST" name="Suite" finished-at="2024-08-03T14:33:16 IST" duration-ms="5825">
    <groups>
    </groups>
    <test started-at="2024-08-03T14:33:10 IST" name="Test" finished-at="2024-08-03T14:33:16 IST" duration-ms="5825">
      <class name="obsqura_7Rmart_testscripts.AdminUsersTest">
        <test-method is-config="true" signature="initializeBrowser(java.lang.String)[pri:0, instance:obsqura_7Rmart_testscripts.AdminUsersTest@51fadaff]" started-at="2024-08-03T14:33:10 IST" name="initializeBrowser" finished-at="2024-08-03T14:33:13 IST" duration-ms="2420" status="PASS">
          <params>
            <param index="0">
              <value>
                <![CDATA[chrome]]>
              </value>
            </param>
          </params>
          <reporter-output>
          </reporter-output>
        </test-method> <!-- initializeBrowser -->
        <test-method signature="verifyUserIsAbleToUpdateStatusOfAdminUser()[pri:0, instance:obsqura_7Rmart_testscripts.AdminUsersTest@51fadaff]" started-at="2024-08-03T14:33:13 IST" name="verifyUserIsAbleToUpdateStatusOfAdminUser" finished-at="2024-08-03T14:33:16 IST" duration-ms="3152" status="PASS">
          <reporter-output>
          </reporter-output>
        </test-method> <!-- verifyUserIsAbleToUpdateStatusOfAdminUser -->
        <test-method is-config="true" signature="browserQuit(org.testng.ITestResult)[pri:0, instance:obsqura_7Rmart_testscripts.AdminUsersTest@51fadaff]" started-at="2024-08-03T14:33:16 IST" name="browserQuit" finished-at="2024-08-03T14:33:16 IST" duration-ms="211" status="PASS">
          <params>
            <param index="0">
              <value>
                <![CDATA[[TestResult name=verifyUserIsAbleToUpdateStatusOfAdminUser status=SUCCESS method=AdminUsersTest.verifyUserIsAbleToUpdateStatusOfAdminUser()[pri:0, instance:obsqura_7Rmart_testscripts.AdminUsersTest@51fadaff] output={null}]]]>
              </value>
            </param>
          </params>
          <reporter-output>
          </reporter-output>
        </test-method> <!-- browserQuit -->
      </class> <!-- obsqura_7Rmart_testscripts.AdminUsersTest -->
    </test> <!-- Test -->
  </suite> <!-- Suite -->
</testng-results>
